<!DOCTYPE html>
<html>
<head>
<meta http-equiv="Content-Type" content="text/html; charset=utf-8"/>
<meta http-equiv="x-ua-compatible" content="IE=edge"/>
<title>Test results - AuthControllerTest</title>
<link href="../css/base-style.css" rel="stylesheet" type="text/css"/>
<link href="../css/style.css" rel="stylesheet" type="text/css"/>
<script src="../js/report.js" type="text/javascript"></script>
</head>
<body>
<div id="content">
<h1>AuthControllerTest</h1>
<div class="breadcrumbs">
<a href="../index.html">all</a> &gt; 
<a href="../packages/com.board.Board_Upgraded.controller.html">com.board.Board_Upgraded.controller</a> &gt; AuthControllerTest</div>
<div id="summary">
<table>
<tr>
<td>
<div class="summaryGroup">
<table>
<tr>
<td>
<div class="infoBox" id="tests">
<div class="counter">1</div>
<p>tests</p>
</div>
</td>
<td>
<div class="infoBox" id="failures">
<div class="counter">1</div>
<p>failures</p>
</div>
</td>
<td>
<div class="infoBox" id="ignored">
<div class="counter">0</div>
<p>ignored</p>
</div>
</td>
<td>
<div class="infoBox" id="duration">
<div class="counter">0.343s</div>
<p>duration</p>
</div>
</td>
</tr>
</table>
</div>
</td>
<td>
<div class="infoBox failures" id="successRate">
<div class="percent">0%</div>
<p>successful</p>
</div>
</td>
</tr>
</table>
</div>
<div id="tabs">
<ul class="tabLinks">
<li>
<a href="#tab0">Failed tests</a>
</li>
<li>
<a href="#tab1">Tests</a>
</li>
<li>
<a href="#tab2">Standard output</a>
</li>
</ul>
<div id="tab0" class="tab">
<h2>Failed tests</h2>
<div class="test">
<a name="registerSuccess()"></a>
<h3 class="failures">회원가입에 성공하면 body에 회원가입 완료 문구가 출력된다.</h3>
<span class="code">
<pre>java.lang.AssertionError: JSON path &quot;$.code&quot; expected:&lt;200&gt; but was:&lt;0&gt;
	at org.springframework.test.util.AssertionErrors.fail(AssertionErrors.java:59)
	at org.springframework.test.util.AssertionErrors.assertEquals(AssertionErrors.java:122)
	at org.springframework.test.util.JsonPathExpectationsHelper.assertValue(JsonPathExpectationsHelper.java:125)
	at org.springframework.test.web.servlet.result.JsonPathResultMatchers.lambda$value$2(JsonPathResultMatchers.java:111)
	at org.springframework.test.web.servlet.MockMvc$1.andExpect(MockMvc.java:212)
	at com.board.Board_Upgraded.controller.AuthControllerTest.registerSuccess(AuthControllerTest.java:51)
	at java.base/jdk.internal.reflect.NativeMethodAccessorImpl.invoke0(Native Method)
	at java.base/jdk.internal.reflect.NativeMethodAccessorImpl.invoke(NativeMethodAccessorImpl.java:77)
	at java.base/jdk.internal.reflect.DelegatingMethodAccessorImpl.invoke(DelegatingMethodAccessorImpl.java:43)
	at java.base/java.lang.reflect.Method.invoke(Method.java:568)
	at org.junit.platform.commons.util.ReflectionUtils.invokeMethod(ReflectionUtils.java:725)
	at org.junit.jupiter.engine.execution.MethodInvocation.proceed(MethodInvocation.java:60)
	at org.junit.jupiter.engine.execution.InvocationInterceptorChain$ValidatingInvocation.proceed(InvocationInterceptorChain.java:131)
	at org.junit.jupiter.engine.extension.TimeoutExtension.intercept(TimeoutExtension.java:149)
	at org.junit.jupiter.engine.extension.TimeoutExtension.interceptTestableMethod(TimeoutExtension.java:140)
	at org.junit.jupiter.engine.extension.TimeoutExtension.interceptTestMethod(TimeoutExtension.java:84)
	at org.junit.jupiter.engine.execution.ExecutableInvoker$ReflectiveInterceptorCall.lambda$ofVoidMethod$0(ExecutableInvoker.java:115)
	at org.junit.jupiter.engine.execution.ExecutableInvoker.lambda$invoke$0(ExecutableInvoker.java:105)
	at org.junit.jupiter.engine.execution.InvocationInterceptorChain$InterceptedInvocation.proceed(InvocationInterceptorChain.java:106)
	at org.junit.jupiter.engine.execution.InvocationInterceptorChain.proceed(InvocationInterceptorChain.java:64)
	at org.junit.jupiter.engine.execution.InvocationInterceptorChain.chainAndInvoke(InvocationInterceptorChain.java:45)
	at org.junit.jupiter.engine.execution.InvocationInterceptorChain.invoke(InvocationInterceptorChain.java:37)
	at org.junit.jupiter.engine.execution.ExecutableInvoker.invoke(ExecutableInvoker.java:104)
	at org.junit.jupiter.engine.execution.ExecutableInvoker.invoke(ExecutableInvoker.java:98)
	at org.junit.jupiter.engine.descriptor.TestMethodTestDescriptor.lambda$invokeTestMethod$7(TestMethodTestDescriptor.java:214)
	at org.junit.platform.engine.support.hierarchical.ThrowableCollector.execute(ThrowableCollector.java:73)
	at org.junit.jupiter.engine.descriptor.TestMethodTestDescriptor.invokeTestMethod(TestMethodTestDescriptor.java:210)
	at org.junit.jupiter.engine.descriptor.TestMethodTestDescriptor.execute(TestMethodTestDescriptor.java:135)
	at org.junit.jupiter.engine.descriptor.TestMethodTestDescriptor.execute(TestMethodTestDescriptor.java:66)
	at org.junit.platform.engine.support.hierarchical.NodeTestTask.lambda$executeRecursively$6(NodeTestTask.java:151)
	at org.junit.platform.engine.support.hierarchical.ThrowableCollector.execute(ThrowableCollector.java:73)
	at org.junit.platform.engine.support.hierarchical.NodeTestTask.lambda$executeRecursively$8(NodeTestTask.java:141)
	at org.junit.platform.engine.support.hierarchical.Node.around(Node.java:137)
	at org.junit.platform.engine.support.hierarchical.NodeTestTask.lambda$executeRecursively$9(NodeTestTask.java:139)
	at org.junit.platform.engine.support.hierarchical.ThrowableCollector.execute(ThrowableCollector.java:73)
	at org.junit.platform.engine.support.hierarchical.NodeTestTask.executeRecursively(NodeTestTask.java:138)
	at org.junit.platform.engine.support.hierarchical.NodeTestTask.execute(NodeTestTask.java:95)
	at java.base/java.util.ArrayList.forEach(ArrayList.java:1511)
	at org.junit.platform.engine.support.hierarchical.SameThreadHierarchicalTestExecutorService.invokeAll(SameThreadHierarchicalTestExecutorService.java:41)
	at org.junit.platform.engine.support.hierarchical.NodeTestTask.lambda$executeRecursively$6(NodeTestTask.java:155)
	at org.junit.platform.engine.support.hierarchical.ThrowableCollector.execute(ThrowableCollector.java:73)
	at org.junit.platform.engine.support.hierarchical.NodeTestTask.lambda$executeRecursively$8(NodeTestTask.java:141)
	at org.junit.platform.engine.support.hierarchical.Node.around(Node.java:137)
	at org.junit.platform.engine.support.hierarchical.NodeTestTask.lambda$executeRecursively$9(NodeTestTask.java:139)
	at org.junit.platform.engine.support.hierarchical.ThrowableCollector.execute(ThrowableCollector.java:73)
	at org.junit.platform.engine.support.hierarchical.NodeTestTask.executeRecursively(NodeTestTask.java:138)
	at org.junit.platform.engine.support.hierarchical.NodeTestTask.execute(NodeTestTask.java:95)
	at java.base/java.util.ArrayList.forEach(ArrayList.java:1511)
	at org.junit.platform.engine.support.hierarchical.SameThreadHierarchicalTestExecutorService.invokeAll(SameThreadHierarchicalTestExecutorService.java:41)
	at org.junit.platform.engine.support.hierarchical.NodeTestTask.lambda$executeRecursively$6(NodeTestTask.java:155)
	at org.junit.platform.engine.support.hierarchical.ThrowableCollector.execute(ThrowableCollector.java:73)
	at org.junit.platform.engine.support.hierarchical.NodeTestTask.lambda$executeRecursively$8(NodeTestTask.java:141)
	at org.junit.platform.engine.support.hierarchical.Node.around(Node.java:137)
	at org.junit.platform.engine.support.hierarchical.NodeTestTask.lambda$executeRecursively$9(NodeTestTask.java:139)
	at org.junit.platform.engine.support.hierarchical.ThrowableCollector.execute(ThrowableCollector.java:73)
	at org.junit.platform.engine.support.hierarchical.NodeTestTask.executeRecursively(NodeTestTask.java:138)
	at org.junit.platform.engine.support.hierarchical.NodeTestTask.execute(NodeTestTask.java:95)
	at org.junit.platform.engine.support.hierarchical.SameThreadHierarchicalTestExecutorService.submit(SameThreadHierarchicalTestExecutorService.java:35)
	at org.junit.platform.engine.support.hierarchical.HierarchicalTestExecutor.execute(HierarchicalTestExecutor.java:57)
	at org.junit.platform.engine.support.hierarchical.HierarchicalTestEngine.execute(HierarchicalTestEngine.java:54)
	at org.junit.platform.launcher.core.DefaultLauncher.execute(DefaultLauncher.java:229)
	at org.junit.platform.launcher.core.DefaultLauncher.lambda$execute$6(DefaultLauncher.java:197)
	at org.junit.platform.launcher.core.DefaultLauncher.withInterceptedStreams(DefaultLauncher.java:211)
	at org.junit.platform.launcher.core.DefaultLauncher.execute(DefaultLauncher.java:191)
	at org.junit.platform.launcher.core.DefaultLauncher.execute(DefaultLauncher.java:128)
	at org.gradle.api.internal.tasks.testing.junitplatform.JUnitPlatformTestClassProcessor$CollectAllTestClassesExecutor.processAllTestClasses(JUnitPlatformTestClassProcessor.java:99)
	at org.gradle.api.internal.tasks.testing.junitplatform.JUnitPlatformTestClassProcessor$CollectAllTestClassesExecutor.access$000(JUnitPlatformTestClassProcessor.java:79)
	at org.gradle.api.internal.tasks.testing.junitplatform.JUnitPlatformTestClassProcessor.stop(JUnitPlatformTestClassProcessor.java:75)
	at org.gradle.api.internal.tasks.testing.SuiteTestClassProcessor.stop(SuiteTestClassProcessor.java:62)
	at java.base/jdk.internal.reflect.NativeMethodAccessorImpl.invoke0(Native Method)
	at java.base/jdk.internal.reflect.NativeMethodAccessorImpl.invoke(NativeMethodAccessorImpl.java:77)
	at java.base/jdk.internal.reflect.DelegatingMethodAccessorImpl.invoke(DelegatingMethodAccessorImpl.java:43)
	at java.base/java.lang.reflect.Method.invoke(Method.java:568)
	at org.gradle.internal.dispatch.ReflectionDispatch.dispatch(ReflectionDispatch.java:36)
	at org.gradle.internal.dispatch.ReflectionDispatch.dispatch(ReflectionDispatch.java:24)
	at org.gradle.internal.dispatch.ContextClassLoaderDispatch.dispatch(ContextClassLoaderDispatch.java:33)
	at org.gradle.internal.dispatch.ProxyDispatchAdapter$DispatchingInvocationHandler.invoke(ProxyDispatchAdapter.java:94)
	at jdk.proxy1/jdk.proxy1.$Proxy2.stop(Unknown Source)
	at org.gradle.api.internal.tasks.testing.worker.TestWorker$3.run(TestWorker.java:193)
	at org.gradle.api.internal.tasks.testing.worker.TestWorker.executeAndMaintainThreadName(TestWorker.java:129)
	at org.gradle.api.internal.tasks.testing.worker.TestWorker.execute(TestWorker.java:100)
	at org.gradle.api.internal.tasks.testing.worker.TestWorker.execute(TestWorker.java:60)
	at org.gradle.process.internal.worker.child.ActionExecutionWorker.execute(ActionExecutionWorker.java:56)
	at org.gradle.process.internal.worker.child.SystemApplicationClassLoaderWorker.call(SystemApplicationClassLoaderWorker.java:113)
	at org.gradle.process.internal.worker.child.SystemApplicationClassLoaderWorker.call(SystemApplicationClassLoaderWorker.java:65)
	at worker.org.gradle.process.internal.worker.GradleWorkerMain.run(GradleWorkerMain.java:69)
	at worker.org.gradle.process.internal.worker.GradleWorkerMain.main(GradleWorkerMain.java:74)
</pre>
</span>
</div>
</div>
<div id="tab1" class="tab">
<h2>Tests</h2>
<table>
<thead>
<tr>
<th>Test</th>
<th>Method name</th>
<th>Duration</th>
<th>Result</th>
</tr>
</thead>
<tr>
<td class="failures">회원가입에 성공하면 body에 회원가입 완료 문구가 출력된다.</td>
<td class="failures">registerSuccess()</td>
<td class="failures">0.343s</td>
<td class="failures">failed</td>
</tr>
</table>
</div>
<div id="tab2" class="tab">
<h2>Standard output</h2>
<span class="code">
<pre>21:05:45.953 [Test worker] DEBUG org.springframework.test.context.BootstrapUtils - Instantiating CacheAwareContextLoaderDelegate from class [org.springframework.test.context.cache.DefaultCacheAwareContextLoaderDelegate]
21:05:45.957 [Test worker] DEBUG org.springframework.test.context.BootstrapUtils - Instantiating BootstrapContext using constructor [public org.springframework.test.context.support.DefaultBootstrapContext(java.lang.Class,org.springframework.test.context.CacheAwareContextLoaderDelegate)]
21:05:45.973 [Test worker] DEBUG org.springframework.test.context.BootstrapUtils - Instantiating TestContextBootstrapper for test class [com.board.Board_Upgraded.controller.AuthControllerTest] from class [org.springframework.boot.test.context.SpringBootTestContextBootstrapper]
21:05:45.977 [Test worker] INFO org.springframework.boot.test.context.SpringBootTestContextBootstrapper - Neither @ContextConfiguration nor @ContextHierarchy found for test class [com.board.Board_Upgraded.controller.AuthControllerTest], using SpringBootContextLoader
21:05:45.979 [Test worker] DEBUG org.springframework.test.context.support.AbstractContextLoader - Did not detect default resource location for test class [com.board.Board_Upgraded.controller.AuthControllerTest]: class path resource [com/board/Board_Upgraded/controller/AuthControllerTest-context.xml] does not exist
21:05:45.979 [Test worker] DEBUG org.springframework.test.context.support.AbstractContextLoader - Did not detect default resource location for test class [com.board.Board_Upgraded.controller.AuthControllerTest]: class path resource [com/board/Board_Upgraded/controller/AuthControllerTestContext.groovy] does not exist
21:05:45.979 [Test worker] INFO org.springframework.test.context.support.AbstractContextLoader - Could not detect default resource locations for test class [com.board.Board_Upgraded.controller.AuthControllerTest]: no resource found for suffixes {-context.xml, Context.groovy}.
21:05:45.979 [Test worker] INFO org.springframework.test.context.support.AnnotationConfigContextLoaderUtils - Could not detect default configuration classes for test class [com.board.Board_Upgraded.controller.AuthControllerTest]: AuthControllerTest does not declare any static, non-private, non-final, nested classes annotated with @Configuration.
21:05:46.003 [Test worker] DEBUG org.springframework.test.context.support.ActiveProfilesUtils - Could not find an 'annotation declaring class' for annotation type [org.springframework.test.context.ActiveProfiles] and class [com.board.Board_Upgraded.controller.AuthControllerTest]
21:05:46.035 [Test worker] DEBUG org.springframework.context.annotation.ClassPathScanningCandidateComponentProvider - Identified candidate component class: file [/Users/leeeehgnaj/Desktop/Coding/Board_Upgraded/build/classes/java/main/com/board/Board_Upgraded/BoardUpgradedApplication.class]
21:05:46.036 [Test worker] INFO org.springframework.boot.test.context.SpringBootTestContextBootstrapper - Found @SpringBootConfiguration com.board.Board_Upgraded.BoardUpgradedApplication for test class com.board.Board_Upgraded.controller.AuthControllerTest
21:05:46.070 [Test worker] DEBUG org.springframework.boot.test.context.SpringBootTestContextBootstrapper - @TestExecutionListeners is not present for class [com.board.Board_Upgraded.controller.AuthControllerTest]: using defaults.
21:05:46.070 [Test worker] INFO org.springframework.boot.test.context.SpringBootTestContextBootstrapper - Loaded default TestExecutionListener class names from location [META-INF/spring.factories]: [org.springframework.security.test.context.support.WithSecurityContextTestExecutionListener, org.springframework.security.test.context.support.ReactorContextTestExecutionListener, org.springframework.boot.test.autoconfigure.restdocs.RestDocsTestExecutionListener, org.springframework.boot.test.autoconfigure.web.client.MockRestServiceServerResetTestExecutionListener, org.springframework.boot.test.autoconfigure.web.servlet.MockMvcPrintOnlyOnFailureTestExecutionListener, org.springframework.boot.test.autoconfigure.web.servlet.WebDriverTestExecutionListener, org.springframework.boot.test.autoconfigure.webservices.client.MockWebServiceServerTestExecutionListener, org.springframework.boot.test.mock.mockito.MockitoTestExecutionListener, org.springframework.boot.test.mock.mockito.ResetMocksTestExecutionListener, org.springframework.test.context.web.ServletTestExecutionListener, org.springframework.test.context.support.DirtiesContextBeforeModesTestExecutionListener, org.springframework.test.context.event.ApplicationEventsTestExecutionListener, org.springframework.test.context.support.DependencyInjectionTestExecutionListener, org.springframework.test.context.support.DirtiesContextTestExecutionListener, org.springframework.test.context.transaction.TransactionalTestExecutionListener, org.springframework.test.context.jdbc.SqlScriptsTestExecutionListener, org.springframework.test.context.event.EventPublishingTestExecutionListener]
21:05:46.077 [Test worker] INFO org.springframework.boot.test.context.SpringBootTestContextBootstrapper - Using TestExecutionListeners: [org.springframework.test.context.web.ServletTestExecutionListener@46f699d5, org.springframework.test.context.support.DirtiesContextBeforeModesTestExecutionListener@18518ccf, org.springframework.test.context.event.ApplicationEventsTestExecutionListener@1991f767, org.springframework.boot.test.mock.mockito.MockitoTestExecutionListener@768ccdc5, org.springframework.boot.test.autoconfigure.SpringBootDependencyInjectionTestExecutionListener@4c6daf0, org.springframework.test.context.support.DirtiesContextTestExecutionListener@10650953, org.springframework.test.context.transaction.TransactionalTestExecutionListener@659eef7, org.springframework.test.context.jdbc.SqlScriptsTestExecutionListener@162be91c, org.springframework.security.test.context.support.WithSecurityContextTestExecutionListener@2488b073, org.springframework.test.context.event.EventPublishingTestExecutionListener@1c9f0a20, org.springframework.security.test.context.support.ReactorContextTestExecutionListener@55787112, org.springframework.boot.test.autoconfigure.restdocs.RestDocsTestExecutionListener@1cd201a8, org.springframework.boot.test.autoconfigure.web.client.MockRestServiceServerResetTestExecutionListener@7db82169, org.springframework.boot.test.autoconfigure.web.servlet.MockMvcPrintOnlyOnFailureTestExecutionListener@1992eaf4, org.springframework.boot.test.autoconfigure.web.servlet.WebDriverTestExecutionListener@f74e835, org.springframework.boot.test.autoconfigure.webservices.client.MockWebServiceServerTestExecutionListener@3276732, org.springframework.boot.test.mock.mockito.ResetMocksTestExecutionListener@3f28bd56]
21:05:46.080 [Test worker] DEBUG org.springframework.test.context.support.AbstractDirtiesContextTestExecutionListener - Before test class: context [DefaultTestContext@2e029d61 testClass = AuthControllerTest, testInstance = [null], testMethod = [null], testException = [null], mergedContextConfiguration = [WebMergedContextConfiguration@482d776b testClass = AuthControllerTest, locations = '{}', classes = '{class com.board.Board_Upgraded.BoardUpgradedApplication}', contextInitializerClasses = '[]', activeProfiles = '{}', propertySourceLocations = '{}', propertySourceProperties = '{org.springframework.boot.test.context.SpringBootTestContextBootstrapper=true}', contextCustomizers = set[org.springframework.boot.test.autoconfigure.actuate.metrics.MetricsExportContextCustomizerFactory$DisableMetricExportContextCustomizer@67545b57, org.springframework.boot.test.autoconfigure.properties.PropertyMappingContextCustomizer@4b3fa0b3, org.springframework.boot.test.autoconfigure.web.servlet.WebDriverContextCustomizerFactory$Customizer@1458ed9c, [ImportsContextCustomizer@4052274f key = [org.springframework.boot.test.autoconfigure.web.servlet.MockMvcAutoConfiguration, org.springframework.boot.test.autoconfigure.web.servlet.MockMvcWebClientAutoConfiguration, org.springframework.boot.test.autoconfigure.web.servlet.MockMvcWebDriverAutoConfiguration, org.springframework.boot.autoconfigure.security.oauth2.client.servlet.OAuth2ClientAutoConfiguration, org.springframework.boot.autoconfigure.security.oauth2.resource.servlet.OAuth2ResourceServerAutoConfiguration, org.springframework.boot.autoconfigure.security.servlet.SecurityAutoConfiguration, org.springframework.boot.autoconfigure.security.servlet.SecurityFilterAutoConfiguration, org.springframework.boot.autoconfigure.security.servlet.UserDetailsServiceAutoConfiguration, org.springframework.boot.test.autoconfigure.web.servlet.MockMvcSecurityConfiguration, org.springframework.boot.test.autoconfigure.web.reactive.WebTestClientAutoConfiguration]], org.springframework.boot.test.context.filter.ExcludeFilterContextCustomizer@27eedb64, org.springframework.boot.test.json.DuplicateJsonObjectContextCustomizerFactory$DuplicateJsonObjectContextCustomizer@2f62ea70, org.springframework.boot.test.mock.mockito.MockitoContextCustomizer@0, org.springframework.boot.test.web.client.TestRestTemplateContextCustomizer@52c3cb31, org.springframework.boot.test.context.SpringBootTestArgs@1, org.springframework.boot.test.context.SpringBootTestWebEnvironment@68567e20], resourceBasePath = 'src/main/webapp', contextLoader = 'org.springframework.boot.test.context.SpringBootContextLoader', parent = [null]], attributes = map['org.springframework.test.context.web.ServletTestExecutionListener.activateListener' -&gt; true]], class annotated with @DirtiesContext [false] with mode [null].

  .   ____          _            __ _ _
 /\\ / ___'_ __ _ _(_)_ __  __ _ \ \ \ \
( ( )\___ | '_ | '_| | '_ \/ _` | \ \ \ \
 \\/  ___)| |_)| | | | | || (_| |  ) ) ) )
  '  |____| .__|_| |_|_| |_\__, | / / / /
 =========|_|==============|___/=/_/_/_/
 :: Spring Boot ::                (v2.7.0)

2023-02-14 21:05:46.245  INFO 6499 --- [    Test worker] c.b.B.controller.AuthControllerTest      : Starting AuthControllerTest using Java 17.0.2 on ijanghuiui-MacBookPro.local with PID 6499 (started by leeeehgnaj in /Users/leeeehgnaj/Desktop/Coding/Board_Upgraded)
2023-02-14 21:05:46.246  INFO 6499 --- [    Test worker] c.b.B.controller.AuthControllerTest      : The following 1 profile is active: &quot;local&quot;
2023-02-14 21:05:46.664  INFO 6499 --- [    Test worker] .s.d.r.c.RepositoryConfigurationDelegate : Bootstrapping Spring Data JPA repositories in DEFAULT mode.
2023-02-14 21:05:46.691  INFO 6499 --- [    Test worker] .s.d.r.c.RepositoryConfigurationDelegate : Finished Spring Data repository scanning in 24 ms. Found 2 JPA repository interfaces.
2023-02-14 21:05:46.978  INFO 6499 --- [    Test worker] o.hibernate.jpa.internal.util.LogHelper  : HHH000204: Processing PersistenceUnitInfo [name: default]
2023-02-14 21:05:46.999  INFO 6499 --- [    Test worker] org.hibernate.Version                    : HHH000412: Hibernate ORM core version 5.6.9.Final
2023-02-14 21:05:47.073  INFO 6499 --- [    Test worker] o.hibernate.annotations.common.Version   : HCANN000001: Hibernate Commons Annotations {5.1.2.Final}
2023-02-14 21:05:47.086 DEBUG 6499 --- [    Test worker] org.hibernate.type.BasicTypeRegistry     : Adding type registration boolean -&gt; org.hibernate.type.BooleanType@4cc7e3ad
2023-02-14 21:05:47.086 DEBUG 6499 --- [    Test worker] org.hibernate.type.BasicTypeRegistry     : Adding type registration boolean -&gt; org.hibernate.type.BooleanType@4cc7e3ad
2023-02-14 21:05:47.086 DEBUG 6499 --- [    Test worker] org.hibernate.type.BasicTypeRegistry     : Adding type registration java.lang.Boolean -&gt; org.hibernate.type.BooleanType@4cc7e3ad
2023-02-14 21:05:47.086 DEBUG 6499 --- [    Test worker] org.hibernate.type.BasicTypeRegistry     : Adding type registration numeric_boolean -&gt; org.hibernate.type.NumericBooleanType@13a268cd
2023-02-14 21:05:47.086 DEBUG 6499 --- [    Test worker] org.hibernate.type.BasicTypeRegistry     : Adding type registration true_false -&gt; org.hibernate.type.TrueFalseType@77c692b4
2023-02-14 21:05:47.086 DEBUG 6499 --- [    Test worker] org.hibernate.type.BasicTypeRegistry     : Adding type registration yes_no -&gt; org.hibernate.type.YesNoType@4bbc21bd
2023-02-14 21:05:47.087 DEBUG 6499 --- [    Test worker] org.hibernate.type.BasicTypeRegistry     : Adding type registration byte -&gt; org.hibernate.type.ByteType@166e5a6d
2023-02-14 21:05:47.087 DEBUG 6499 --- [    Test worker] org.hibernate.type.BasicTypeRegistry     : Adding type registration byte -&gt; org.hibernate.type.ByteType@166e5a6d
2023-02-14 21:05:47.087 DEBUG 6499 --- [    Test worker] org.hibernate.type.BasicTypeRegistry     : Adding type registration java.lang.Byte -&gt; org.hibernate.type.ByteType@166e5a6d
2023-02-14 21:05:47.087 DEBUG 6499 --- [    Test worker] org.hibernate.type.BasicTypeRegistry     : Adding type registration character -&gt; org.hibernate.type.CharacterType@1201e064
2023-02-14 21:05:47.087 DEBUG 6499 --- [    Test worker] org.hibernate.type.BasicTypeRegistry     : Adding type registration char -&gt; org.hibernate.type.CharacterType@1201e064
2023-02-14 21:05:47.087 DEBUG 6499 --- [    Test worker] org.hibernate.type.BasicTypeRegistry     : Adding type registration java.lang.Character -&gt; org.hibernate.type.CharacterType@1201e064
2023-02-14 21:05:47.088 DEBUG 6499 --- [    Test worker] org.hibernate.type.BasicTypeRegistry     : Adding type registration short -&gt; org.hibernate.type.ShortType@28f05b0c
2023-02-14 21:05:47.088 DEBUG 6499 --- [    Test worker] org.hibernate.type.BasicTypeRegistry     : Adding type registration short -&gt; org.hibernate.type.ShortType@28f05b0c
2023-02-14 21:05:47.088 DEBUG 6499 --- [    Test worker] org.hibernate.type.BasicTypeRegistry     : Adding type registration java.lang.Short -&gt; org.hibernate.type.ShortType@28f05b0c
2023-02-14 21:05:47.088 DEBUG 6499 --- [    Test worker] org.hibernate.type.BasicTypeRegistry     : Adding type registration integer -&gt; org.hibernate.type.IntegerType@7540160e
2023-02-14 21:05:47.088 DEBUG 6499 --- [    Test worker] org.hibernate.type.BasicTypeRegistry     : Adding type registration int -&gt; org.hibernate.type.IntegerType@7540160e
2023-02-14 21:05:47.088 DEBUG 6499 --- [    Test worker] org.hibernate.type.BasicTypeRegistry     : Adding type registration java.lang.Integer -&gt; org.hibernate.type.IntegerType@7540160e
2023-02-14 21:05:47.088 DEBUG 6499 --- [    Test worker] org.hibernate.type.BasicTypeRegistry     : Adding type registration long -&gt; org.hibernate.type.LongType@1bfa3893
2023-02-14 21:05:47.088 DEBUG 6499 --- [    Test worker] org.hibernate.type.BasicTypeRegistry     : Adding type registration long -&gt; org.hibernate.type.LongType@1bfa3893
2023-02-14 21:05:47.089 DEBUG 6499 --- [    Test worker] org.hibernate.type.BasicTypeRegistry     : Adding type registration java.lang.Long -&gt; org.hibernate.type.LongType@1bfa3893
2023-02-14 21:05:47.089 DEBUG 6499 --- [    Test worker] org.hibernate.type.BasicTypeRegistry     : Adding type registration float -&gt; org.hibernate.type.FloatType@5f3f3d00
2023-02-14 21:05:47.089 DEBUG 6499 --- [    Test worker] org.hibernate.type.BasicTypeRegistry     : Adding type registration float -&gt; org.hibernate.type.FloatType@5f3f3d00
2023-02-14 21:05:47.089 DEBUG 6499 --- [    Test worker] org.hibernate.type.BasicTypeRegistry     : Adding type registration java.lang.Float -&gt; org.hibernate.type.FloatType@5f3f3d00
2023-02-14 21:05:47.089 DEBUG 6499 --- [    Test worker] org.hibernate.type.BasicTypeRegistry     : Adding type registration double -&gt; org.hibernate.type.DoubleType@29c59b6e
2023-02-14 21:05:47.089 DEBUG 6499 --- [    Test worker] org.hibernate.type.BasicTypeRegistry     : Adding type registration double -&gt; org.hibernate.type.DoubleType@29c59b6e
2023-02-14 21:05:47.089 DEBUG 6499 --- [    Test worker] org.hibernate.type.BasicTypeRegistry     : Adding type registration java.lang.Double -&gt; org.hibernate.type.DoubleType@29c59b6e
2023-02-14 21:05:47.090 DEBUG 6499 --- [    Test worker] org.hibernate.type.BasicTypeRegistry     : Adding type registration big_decimal -&gt; org.hibernate.type.BigDecimalType@6248cfab
2023-02-14 21:05:47.090 DEBUG 6499 --- [    Test worker] org.hibernate.type.BasicTypeRegistry     : Adding type registration java.math.BigDecimal -&gt; org.hibernate.type.BigDecimalType@6248cfab
2023-02-14 21:05:47.090 DEBUG 6499 --- [    Test worker] org.hibernate.type.BasicTypeRegistry     : Adding type registration big_integer -&gt; org.hibernate.type.BigIntegerType@4fa91d5b
2023-02-14 21:05:47.090 DEBUG 6499 --- [    Test worker] org.hibernate.type.BasicTypeRegistry     : Adding type registration java.math.BigInteger -&gt; org.hibernate.type.BigIntegerType@4fa91d5b
2023-02-14 21:05:47.090 DEBUG 6499 --- [    Test worker] org.hibernate.type.BasicTypeRegistry     : Adding type registration string -&gt; org.hibernate.type.StringType@70884875
2023-02-14 21:05:47.090 DEBUG 6499 --- [    Test worker] org.hibernate.type.BasicTypeRegistry     : Adding type registration java.lang.String -&gt; org.hibernate.type.StringType@70884875
2023-02-14 21:05:47.091 DEBUG 6499 --- [    Test worker] org.hibernate.type.BasicTypeRegistry     : Adding type registration nstring -&gt; org.hibernate.type.StringNVarcharType@3d88ce0e
2023-02-14 21:05:47.091 DEBUG 6499 --- [    Test worker] org.hibernate.type.BasicTypeRegistry     : Adding type registration ncharacter -&gt; org.hibernate.type.CharacterNCharType@31006a75
2023-02-14 21:05:47.091 DEBUG 6499 --- [    Test worker] org.hibernate.type.BasicTypeRegistry     : Adding type registration url -&gt; org.hibernate.type.UrlType@156324b
2023-02-14 21:05:47.091 DEBUG 6499 --- [    Test worker] org.hibernate.type.BasicTypeRegistry     : Adding type registration java.net.URL -&gt; org.hibernate.type.UrlType@156324b
2023-02-14 21:05:47.091 DEBUG 6499 --- [    Test worker] org.hibernate.type.BasicTypeRegistry     : Adding type registration Duration -&gt; org.hibernate.type.DurationType@1b94c789
2023-02-14 21:05:47.091 DEBUG 6499 --- [    Test worker] org.hibernate.type.BasicTypeRegistry     : Adding type registration java.time.Duration -&gt; org.hibernate.type.DurationType@1b94c789
2023-02-14 21:05:47.092 DEBUG 6499 --- [    Test worker] org.hibernate.type.BasicTypeRegistry     : Adding type registration Instant -&gt; org.hibernate.type.InstantType@1de73d37
2023-02-14 21:05:47.092 DEBUG 6499 --- [    Test worker] org.hibernate.type.BasicTypeRegistry     : Adding type registration java.time.Instant -&gt; org.hibernate.type.InstantType@1de73d37
2023-02-14 21:05:47.092 DEBUG 6499 --- [    Test worker] org.hibernate.type.BasicTypeRegistry     : Adding type registration LocalDateTime -&gt; org.hibernate.type.LocalDateTimeType@71139e77
2023-02-14 21:05:47.092 DEBUG 6499 --- [    Test worker] org.hibernate.type.BasicTypeRegistry     : Adding type registration java.time.LocalDateTime -&gt; org.hibernate.type.LocalDateTimeType@71139e77
2023-02-14 21:05:47.093 DEBUG 6499 --- [    Test worker] org.hibernate.type.BasicTypeRegistry     : Adding type registration LocalDate -&gt; org.hibernate.type.LocalDateType@12aa519b
2023-02-14 21:05:47.093 DEBUG 6499 --- [    Test worker] org.hibernate.type.BasicTypeRegistry     : Adding type registration java.time.LocalDate -&gt; org.hibernate.type.LocalDateType@12aa519b
2023-02-14 21:05:47.093 DEBUG 6499 --- [    Test worker] org.hibernate.type.BasicTypeRegistry     : Adding type registration LocalTime -&gt; org.hibernate.type.LocalTimeType@45c423b3
2023-02-14 21:05:47.093 DEBUG 6499 --- [    Test worker] org.hibernate.type.BasicTypeRegistry     : Adding type registration java.time.LocalTime -&gt; org.hibernate.type.LocalTimeType@45c423b3
2023-02-14 21:05:47.093 DEBUG 6499 --- [    Test worker] org.hibernate.type.BasicTypeRegistry     : Adding type registration OffsetDateTime -&gt; org.hibernate.type.OffsetDateTimeType@105dc04d
2023-02-14 21:05:47.093 DEBUG 6499 --- [    Test worker] org.hibernate.type.BasicTypeRegistry     : Adding type registration java.time.OffsetDateTime -&gt; org.hibernate.type.OffsetDateTimeType@105dc04d
2023-02-14 21:05:47.094 DEBUG 6499 --- [    Test worker] org.hibernate.type.BasicTypeRegistry     : Adding type registration OffsetTime -&gt; org.hibernate.type.OffsetTimeType@6df2af02
2023-02-14 21:05:47.094 DEBUG 6499 --- [    Test worker] org.hibernate.type.BasicTypeRegistry     : Adding type registration java.time.OffsetTime -&gt; org.hibernate.type.OffsetTimeType@6df2af02
2023-02-14 21:05:47.094 DEBUG 6499 --- [    Test worker] org.hibernate.type.BasicTypeRegistry     : Adding type registration ZonedDateTime -&gt; org.hibernate.type.ZonedDateTimeType@ab327c
2023-02-14 21:05:47.094 DEBUG 6499 --- [    Test worker] org.hibernate.type.BasicTypeRegistry     : Adding type registration java.time.ZonedDateTime -&gt; org.hibernate.type.ZonedDateTimeType@ab327c
2023-02-14 21:05:47.094 DEBUG 6499 --- [    Test worker] org.hibernate.type.BasicTypeRegistry     : Adding type registration date -&gt; org.hibernate.type.DateType@70d5d96b
2023-02-14 21:05:47.095 DEBUG 6499 --- [    Test worker] org.hibernate.type.BasicTypeRegistry     : Adding type registration java.sql.Date -&gt; org.hibernate.type.DateType@70d5d96b
2023-02-14 21:05:47.095 DEBUG 6499 --- [    Test worker] org.hibernate.type.BasicTypeRegistry     : Adding type registration time -&gt; org.hibernate.type.TimeType@3355168
2023-02-14 21:05:47.095 DEBUG 6499 --- [    Test worker] org.hibernate.type.BasicTypeRegistry     : Adding type registration java.sql.Time -&gt; org.hibernate.type.TimeType@3355168
2023-02-14 21:05:47.095 DEBUG 6499 --- [    Test worker] org.hibernate.type.BasicTypeRegistry     : Adding type registration timestamp -&gt; org.hibernate.type.TimestampType@3f1158ee
2023-02-14 21:05:47.095 DEBUG 6499 --- [    Test worker] org.hibernate.type.BasicTypeRegistry     : Adding type registration java.sql.Timestamp -&gt; org.hibernate.type.TimestampType@3f1158ee
2023-02-14 21:05:47.095 DEBUG 6499 --- [    Test worker] org.hibernate.type.BasicTypeRegistry     : Adding type registration java.util.Date -&gt; org.hibernate.type.TimestampType@3f1158ee
2023-02-14 21:05:47.096 DEBUG 6499 --- [    Test worker] org.hibernate.type.BasicTypeRegistry     : Adding type registration dbtimestamp -&gt; org.hibernate.type.DbTimestampType@29892a77
2023-02-14 21:05:47.097 DEBUG 6499 --- [    Test worker] org.hibernate.type.BasicTypeRegistry     : Adding type registration calendar -&gt; org.hibernate.type.CalendarType@283baa39
2023-02-14 21:05:47.097 DEBUG 6499 --- [    Test worker] org.hibernate.type.BasicTypeRegistry     : Adding type registration java.util.Calendar -&gt; org.hibernate.type.CalendarType@283baa39
2023-02-14 21:05:47.097 DEBUG 6499 --- [    Test worker] org.hibernate.type.BasicTypeRegistry     : Adding type registration java.util.GregorianCalendar -&gt; org.hibernate.type.CalendarType@283baa39
2023-02-14 21:05:47.097 DEBUG 6499 --- [    Test worker] org.hibernate.type.BasicTypeRegistry     : Adding type registration calendar_date -&gt; org.hibernate.type.CalendarDateType@6c24f61d
2023-02-14 21:05:47.097 DEBUG 6499 --- [    Test worker] org.hibernate.type.BasicTypeRegistry     : Adding type registration calendar_time -&gt; org.hibernate.type.CalendarTimeType@55071497
2023-02-14 21:05:47.097 DEBUG 6499 --- [    Test worker] org.hibernate.type.BasicTypeRegistry     : Adding type registration locale -&gt; org.hibernate.type.LocaleType@2f471037
2023-02-14 21:05:47.097 DEBUG 6499 --- [    Test worker] org.hibernate.type.BasicTypeRegistry     : Adding type registration java.util.Locale -&gt; org.hibernate.type.LocaleType@2f471037
2023-02-14 21:05:47.098 DEBUG 6499 --- [    Test worker] org.hibernate.type.BasicTypeRegistry     : Adding type registration currency -&gt; org.hibernate.type.CurrencyType@312a738d
2023-02-14 21:05:47.098 DEBUG 6499 --- [    Test worker] org.hibernate.type.BasicTypeRegistry     : Adding type registration java.util.Currency -&gt; org.hibernate.type.CurrencyType@312a738d
2023-02-14 21:05:47.098 DEBUG 6499 --- [    Test worker] org.hibernate.type.BasicTypeRegistry     : Adding type registration timezone -&gt; org.hibernate.type.TimeZoneType@61dd1c3d
2023-02-14 21:05:47.098 DEBUG 6499 --- [    Test worker] org.hibernate.type.BasicTypeRegistry     : Adding type registration java.util.TimeZone -&gt; org.hibernate.type.TimeZoneType@61dd1c3d
2023-02-14 21:05:47.098 DEBUG 6499 --- [    Test worker] org.hibernate.type.BasicTypeRegistry     : Adding type registration class -&gt; org.hibernate.type.ClassType@14656be5
2023-02-14 21:05:47.098 DEBUG 6499 --- [    Test worker] org.hibernate.type.BasicTypeRegistry     : Adding type registration java.lang.Class -&gt; org.hibernate.type.ClassType@14656be5
2023-02-14 21:05:47.099 DEBUG 6499 --- [    Test worker] org.hibernate.type.BasicTypeRegistry     : Adding type registration uuid-binary -&gt; org.hibernate.type.UUIDBinaryType@425b5fe2
2023-02-14 21:05:47.099 DEBUG 6499 --- [    Test worker] org.hibernate.type.BasicTypeRegistry     : Adding type registration java.util.UUID -&gt; org.hibernate.type.UUIDBinaryType@425b5fe2
2023-02-14 21:05:47.099 DEBUG 6499 --- [    Test worker] org.hibernate.type.BasicTypeRegistry     : Adding type registration uuid-char -&gt; org.hibernate.type.UUIDCharType@2c815fdc
2023-02-14 21:05:47.099 DEBUG 6499 --- [    Test worker] org.hibernate.type.BasicTypeRegistry     : Adding type registration binary -&gt; org.hibernate.type.BinaryType@6e364f1f
2023-02-14 21:05:47.099 DEBUG 6499 --- [    Test worker] org.hibernate.type.BasicTypeRegistry     : Adding type registration byte[] -&gt; org.hibernate.type.BinaryType@6e364f1f
2023-02-14 21:05:47.099 DEBUG 6499 --- [    Test worker] org.hibernate.type.BasicTypeRegistry     : Adding type registration [B -&gt; org.hibernate.type.BinaryType@6e364f1f
2023-02-14 21:05:47.099 DEBUG 6499 --- [    Test worker] org.hibernate.type.BasicTypeRegistry     : Adding type registration wrapper-binary -&gt; org.hibernate.type.WrapperBinaryType@280484c7
2023-02-14 21:05:47.099 DEBUG 6499 --- [    Test worker] org.hibernate.type.BasicTypeRegistry     : Adding type registration Byte[] -&gt; org.hibernate.type.WrapperBinaryType@280484c7
2023-02-14 21:05:47.099 DEBUG 6499 --- [    Test worker] org.hibernate.type.BasicTypeRegistry     : Adding type registration [Ljava.lang.Byte; -&gt; org.hibernate.type.WrapperBinaryType@280484c7
2023-02-14 21:05:47.100 DEBUG 6499 --- [    Test worker] org.hibernate.type.BasicTypeRegistry     : Adding type registration row_version -&gt; org.hibernate.type.RowVersionType@4fa8bebb
2023-02-14 21:05:47.100 DEBUG 6499 --- [    Test worker] org.hibernate.type.BasicTypeRegistry     : Adding type registration image -&gt; org.hibernate.type.ImageType@3e98b933
2023-02-14 21:05:47.100 DEBUG 6499 --- [    Test worker] org.hibernate.type.BasicTypeRegistry     : Adding type registration characters -&gt; org.hibernate.type.CharArrayType@55e42684
2023-02-14 21:05:47.100 DEBUG 6499 --- [    Test worker] org.hibernate.type.BasicTypeRegistry     : Adding type registration char[] -&gt; org.hibernate.type.CharArrayType@55e42684
2023-02-14 21:05:47.100 DEBUG 6499 --- [    Test worker] org.hibernate.type.BasicTypeRegistry     : Adding type registration [C -&gt; org.hibernate.type.CharArrayType@55e42684
2023-02-14 21:05:47.100 DEBUG 6499 --- [    Test worker] org.hibernate.type.BasicTypeRegistry     : Adding type registration wrapper-characters -&gt; org.hibernate.type.CharacterArrayType@34cf0e80
2023-02-14 21:05:47.100 DEBUG 6499 --- [    Test worker] org.hibernate.type.BasicTypeRegistry     : Adding type registration [Ljava.lang.Character; -&gt; org.hibernate.type.CharacterArrayType@34cf0e80
2023-02-14 21:05:47.100 DEBUG 6499 --- [    Test worker] org.hibernate.type.BasicTypeRegistry     : Adding type registration Character[] -&gt; org.hibernate.type.CharacterArrayType@34cf0e80
2023-02-14 21:05:47.101 DEBUG 6499 --- [    Test worker] org.hibernate.type.BasicTypeRegistry     : Adding type registration text -&gt; org.hibernate.type.TextType@2b5f8e61
2023-02-14 21:05:47.101 DEBUG 6499 --- [    Test worker] org.hibernate.type.BasicTypeRegistry     : Adding type registration ntext -&gt; org.hibernate.type.NTextType@27db45f
2023-02-14 21:05:47.101 DEBUG 6499 --- [    Test worker] org.hibernate.type.BasicTypeRegistry     : Adding type registration blob -&gt; org.hibernate.type.BlobType@6fbe4800
2023-02-14 21:05:47.101 DEBUG 6499 --- [    Test worker] org.hibernate.type.BasicTypeRegistry     : Adding type registration java.sql.Blob -&gt; org.hibernate.type.BlobType@6fbe4800
2023-02-14 21:05:47.102 DEBUG 6499 --- [    Test worker] org.hibernate.type.BasicTypeRegistry     : Adding type registration materialized_blob -&gt; org.hibernate.type.MaterializedBlobType@1760e594
2023-02-14 21:05:47.102 DEBUG 6499 --- [    Test worker] org.hibernate.type.BasicTypeRegistry     : Adding type registration clob -&gt; org.hibernate.type.ClobType@60f9dc7e
2023-02-14 21:05:47.102 DEBUG 6499 --- [    Test worker] org.hibernate.type.BasicTypeRegistry     : Adding type registration java.sql.Clob -&gt; org.hibernate.type.ClobType@60f9dc7e
2023-02-14 21:05:47.102 DEBUG 6499 --- [    Test worker] org.hibernate.type.BasicTypeRegistry     : Adding type registration nclob -&gt; org.hibernate.type.NClobType@2299d903
2023-02-14 21:05:47.102 DEBUG 6499 --- [    Test worker] org.hibernate.type.BasicTypeRegistry     : Adding type registration java.sql.NClob -&gt; org.hibernate.type.NClobType@2299d903
2023-02-14 21:05:47.102 DEBUG 6499 --- [    Test worker] org.hibernate.type.BasicTypeRegistry     : Adding type registration materialized_clob -&gt; org.hibernate.type.MaterializedClobType@f10d055
2023-02-14 21:05:47.103 DEBUG 6499 --- [    Test worker] org.hibernate.type.BasicTypeRegistry     : Adding type registration materialized_nclob -&gt; org.hibernate.type.MaterializedNClobType@2807cf3
2023-02-14 21:05:47.103 DEBUG 6499 --- [    Test worker] org.hibernate.type.BasicTypeRegistry     : Adding type registration serializable -&gt; org.hibernate.type.SerializableType@58fbcb71
2023-02-14 21:05:47.104 DEBUG 6499 --- [    Test worker] org.hibernate.type.BasicTypeRegistry     : Adding type registration object -&gt; org.hibernate.type.ObjectType@2211b44f
2023-02-14 21:05:47.104 DEBUG 6499 --- [    Test worker] org.hibernate.type.BasicTypeRegistry     : Adding type registration java.lang.Object -&gt; org.hibernate.type.ObjectType@2211b44f
2023-02-14 21:05:47.104 DEBUG 6499 --- [    Test worker] org.hibernate.type.BasicTypeRegistry     : Adding type registration imm_date -&gt; org.hibernate.type.AdaptedImmutableType@65af05b2
2023-02-14 21:05:47.104 DEBUG 6499 --- [    Test worker] org.hibernate.type.BasicTypeRegistry     : Adding type registration imm_time -&gt; org.hibernate.type.AdaptedImmutableType@11ad095c
2023-02-14 21:05:47.104 DEBUG 6499 --- [    Test worker] org.hibernate.type.BasicTypeRegistry     : Adding type registration imm_timestamp -&gt; org.hibernate.type.AdaptedImmutableType@2c2a903f
2023-02-14 21:05:47.104 DEBUG 6499 --- [    Test worker] org.hibernate.type.BasicTypeRegistry     : Adding type registration imm_dbtimestamp -&gt; org.hibernate.type.AdaptedImmutableType@7d537616
2023-02-14 21:05:47.104 DEBUG 6499 --- [    Test worker] org.hibernate.type.BasicTypeRegistry     : Adding type registration imm_calendar -&gt; org.hibernate.type.AdaptedImmutableType@604c7e9b
2023-02-14 21:05:47.104 DEBUG 6499 --- [    Test worker] org.hibernate.type.BasicTypeRegistry     : Adding type registration imm_calendar_date -&gt; org.hibernate.type.AdaptedImmutableType@19d27c27
2023-02-14 21:05:47.104 DEBUG 6499 --- [    Test worker] org.hibernate.type.BasicTypeRegistry     : Adding type registration imm_binary -&gt; org.hibernate.type.AdaptedImmutableType@6181bc4a
2023-02-14 21:05:47.104 DEBUG 6499 --- [    Test worker] org.hibernate.type.BasicTypeRegistry     : Adding type registration imm_serializable -&gt; org.hibernate.type.AdaptedImmutableType@70485aa
2023-02-14 21:05:47.121  INFO 6499 --- [    Test worker] com.zaxxer.hikari.HikariDataSource       : HikariPool-1 - Starting...
2023-02-14 21:05:47.161  INFO 6499 --- [    Test worker] com.zaxxer.hikari.HikariDataSource       : HikariPool-1 - Start completed.
2023-02-14 21:05:47.175  INFO 6499 --- [    Test worker] org.hibernate.dialect.Dialect            : HHH000400: Using dialect: org.hibernate.dialect.H2Dialect
2023-02-14 21:05:47.191 DEBUG 6499 --- [    Test worker] o.h.type.spi.TypeConfiguration$Scope     : Scoping TypeConfiguration [org.hibernate.type.spi.TypeConfiguration@2619cb76] to MetadataBuildingContext [org.hibernate.boot.internal.MetadataBuildingContextRootImpl@56f2c9e8]
2023-02-14 21:05:47.300 DEBUG 6499 --- [    Test worker] org.hibernate.type.EnumType              : Using NAMED-based conversion for Enum com.board.Board_Upgraded.entity.member.Role
2023-02-14 21:05:47.301 DEBUG 6499 --- [    Test worker] o.h.type.spi.TypeConfiguration$Scope     : Scoping TypeConfiguration [org.hibernate.type.spi.TypeConfiguration@2619cb76] to SessionFactoryImpl [org.hibernate.internal.SessionFactoryImpl@37e64e37]
2023-02-14 21:05:47.418 DEBUG 6499 --- [    Test worker] org.hibernate.SQL                        : 
    
    drop table if exists member CASCADE 
2023-02-14 21:05:47.420 DEBUG 6499 --- [    Test worker] org.hibernate.SQL                        : 
    
    drop table if exists refresh_token CASCADE 
2023-02-14 21:05:47.422 DEBUG 6499 --- [    Test worker] org.hibernate.SQL                        : 
    
    create table member (
       id bigint generated by default as identity,
        created_time timestamp not null,
        last_modified_time timestamp not null,
        member_email varchar(255),
        member_nickname varchar(255),
        member_password varchar(255),
        member_role varchar(255),
        member_username varchar(255),
        primary key (id)
    )
2023-02-14 21:05:47.423 DEBUG 6499 --- [    Test worker] org.hibernate.SQL                        : 
    
    create table refresh_token (
       rt_key varchar(255) not null,
        rt_value varchar(255),
        primary key (rt_key)
    )
2023-02-14 21:05:47.424  INFO 6499 --- [    Test worker] o.h.e.t.j.p.i.JtaPlatformInitiator       : HHH000490: Using JtaPlatform implementation: [org.hibernate.engine.transaction.jta.platform.internal.NoJtaPlatform]
2023-02-14 21:05:47.427 TRACE 6499 --- [    Test worker] o.h.type.spi.TypeConfiguration$Scope     : Handling #sessionFactoryCreated from [org.hibernate.internal.SessionFactoryImpl@37e64e37] for TypeConfiguration
2023-02-14 21:05:47.427  INFO 6499 --- [    Test worker] j.LocalContainerEntityManagerFactoryBean : Initialized JPA EntityManagerFactory for persistence unit 'default'
2023-02-14 21:05:47.768  WARN 6499 --- [    Test worker] JpaBaseConfiguration$JpaWebConfiguration : spring.jpa.open-in-view is enabled by default. Therefore, database queries may be performed during view rendering. Explicitly configure spring.jpa.open-in-view to disable this warning
2023-02-14 21:05:47.945  INFO 6499 --- [    Test worker] o.s.s.web.DefaultSecurityFilterChain     : Will secure any request with [org.springframework.security.web.session.DisableEncodeUrlFilter@722d3ddb, org.springframework.security.web.context.request.async.WebAsyncManagerIntegrationFilter@721fc228, org.springframework.security.web.context.SecurityContextPersistenceFilter@2b0d818d, org.springframework.security.web.header.HeaderWriterFilter@21f9a305, org.springframework.security.web.csrf.CsrfFilter@1516f497, org.springframework.security.web.authentication.logout.LogoutFilter@5ee76cf2, org.springframework.security.web.authentication.www.BasicAuthenticationFilter@434a2a10, org.springframework.security.web.savedrequest.RequestCacheAwareFilter@87df88d, org.springframework.security.web.servletapi.SecurityContextHolderAwareRequestFilter@1bcca516, org.springframework.security.web.authentication.AnonymousAuthenticationFilter@25b87e1b, org.springframework.security.web.session.SessionManagementFilter@2c7ac998, org.springframework.security.web.access.ExceptionTranslationFilter@220d7eb7, org.springframework.security.web.access.intercept.AuthorizationFilter@2c1a0f82]
2023-02-14 21:05:47.953  WARN 6499 --- [    Test worker] o.s.s.c.a.web.builders.WebSecurity       : You are asking Spring Security to ignore Ant [pattern='/api/test/getTest']. This is not recommended -- please use permitAll via HttpSecurity#authorizeHttpRequests instead.
2023-02-14 21:05:47.953  INFO 6499 --- [    Test worker] o.s.s.web.DefaultSecurityFilterChain     : Will not secure Ant [pattern='/api/test/getTest']
2023-02-14 21:05:47.953  WARN 6499 --- [    Test worker] o.s.s.c.a.web.builders.WebSecurity       : You are asking Spring Security to ignore Ant [pattern='/auth/join']. This is not recommended -- please use permitAll via HttpSecurity#authorizeHttpRequests instead.
2023-02-14 21:05:47.953  INFO 6499 --- [    Test worker] o.s.s.web.DefaultSecurityFilterChain     : Will not secure Ant [pattern='/auth/join']
2023-02-14 21:05:48.243  INFO 6499 --- [    Test worker] o.s.b.t.m.w.SpringBootMockServletContext : Initializing Spring TestDispatcherServlet ''
2023-02-14 21:05:48.243  INFO 6499 --- [    Test worker] o.s.t.web.servlet.TestDispatcherServlet  : Initializing Servlet ''
2023-02-14 21:05:48.245  INFO 6499 --- [    Test worker] o.s.t.web.servlet.TestDispatcherServlet  : Completed initialization in 1 ms
2023-02-14 21:05:48.371  INFO 6499 --- [    Test worker] c.b.B.controller.AuthControllerTest      : Started AuthControllerTest in 2.269 seconds (JVM running for 2.712)
2023-02-14 21:05:48.570 DEBUG 6499 --- [    Test worker] org.hibernate.SQL                        : 
    select
        member0_.id as id1_0_,
        member0_.created_time as created_2_0_,
        member0_.last_modified_time as last_mod3_0_,
        member0_.member_email as member_e4_0_,
        member0_.member_nickname as member_n5_0_,
        member0_.member_password as member_p6_0_,
        member0_.member_role as member_r7_0_,
        member0_.member_username as member_u8_0_ 
    from
        member member0_ 
    where
        member0_.member_username=?
2023-02-14 21:05:48.573 TRACE 6499 --- [    Test worker] o.h.type.descriptor.sql.BasicBinder      : binding parameter [1] as [VARCHAR] - [testUser]
2023-02-14 21:05:48.581 DEBUG 6499 --- [    Test worker] org.hibernate.SQL                        : 
    select
        member0_.id as id1_0_,
        member0_.created_time as created_2_0_,
        member0_.last_modified_time as last_mod3_0_,
        member0_.member_email as member_e4_0_,
        member0_.member_nickname as member_n5_0_,
        member0_.member_password as member_p6_0_,
        member0_.member_role as member_r7_0_,
        member0_.member_username as member_u8_0_ 
    from
        member member0_ 
    where
        member0_.member_nickname=?
2023-02-14 21:05:48.581 TRACE 6499 --- [    Test worker] o.h.type.descriptor.sql.BasicBinder      : binding parameter [1] as [VARCHAR] - [test]
2023-02-14 21:05:48.585 DEBUG 6499 --- [    Test worker] org.hibernate.SQL                        : 
    select
        member0_.id as id1_0_,
        member0_.created_time as created_2_0_,
        member0_.last_modified_time as last_mod3_0_,
        member0_.member_email as member_e4_0_,
        member0_.member_nickname as member_n5_0_,
        member0_.member_password as member_p6_0_,
        member0_.member_role as member_r7_0_,
        member0_.member_username as member_u8_0_ 
    from
        member member0_ 
    where
        member0_.member_email=?
2023-02-14 21:05:48.586 TRACE 6499 --- [    Test worker] o.h.type.descriptor.sql.BasicBinder      : binding parameter [1] as [VARCHAR] - [test@test.com]
2023-02-14 21:05:48.688 DEBUG 6499 --- [    Test worker] org.hibernate.SQL                        : 
    insert 
    into
        member
        (id, created_time, last_modified_time, member_email, member_nickname, member_password, member_role, member_username) 
    values
        (default, ?, ?, ?, ?, ?, ?, ?)
2023-02-14 21:05:48.689 TRACE 6499 --- [    Test worker] o.h.type.descriptor.sql.BasicBinder      : binding parameter [1] as [TIMESTAMP] - [2023-02-14T21:05:48.676888]
2023-02-14 21:05:48.689 TRACE 6499 --- [    Test worker] o.h.type.descriptor.sql.BasicBinder      : binding parameter [2] as [TIMESTAMP] - [2023-02-14T21:05:48.665786]
2023-02-14 21:05:48.689 TRACE 6499 --- [    Test worker] o.h.type.descriptor.sql.BasicBinder      : binding parameter [3] as [VARCHAR] - [test@test.com]
2023-02-14 21:05:48.689 TRACE 6499 --- [    Test worker] o.h.type.descriptor.sql.BasicBinder      : binding parameter [4] as [VARCHAR] - [test]
2023-02-14 21:05:48.690 TRACE 6499 --- [    Test worker] o.h.type.descriptor.sql.BasicBinder      : binding parameter [5] as [VARCHAR] - [$2a$10$RXQOpViL8WMzvKPWt6DbdO.z6dG/CIA4CGr/Wv719ANsYTNIV9w7C]
2023-02-14 21:05:48.690 TRACE 6499 --- [    Test worker] o.h.type.descriptor.sql.BasicBinder      : binding parameter [6] as [VARCHAR] - [USER]
2023-02-14 21:05:48.690 TRACE 6499 --- [    Test worker] o.h.type.descriptor.sql.BasicBinder      : binding parameter [7] as [VARCHAR] - [testUser]

MockHttpServletRequest:
      HTTP Method = POST
      Request URI = /auth/join
       Parameters = {}
          Headers = [Content-Type:&quot;application/json;charset=UTF-8&quot;, Content-Length:&quot;106&quot;]
             Body = {&quot;username&quot;:&quot;testUser&quot;,&quot;nickname&quot;:&quot;test&quot;,&quot;email&quot;:&quot;test@test.com&quot;,&quot;password&quot;:&quot;test&quot;,&quot;passwordCheck&quot;:&quot;test&quot;}
    Session Attrs = {}

Handler:
             Type = com.board.Board_Upgraded.controller.AuthController
           Method = com.board.Board_Upgraded.controller.AuthController#register(RegisterRequestDto)

Async:
    Async started = false
     Async result = null

Resolved Exception:
             Type = null

ModelAndView:
        View name = null
             View = null
            Model = null

FlashMap:
       Attributes = null

MockHttpServletResponse:
           Status = 200
    Error message = null
          Headers = [Vary:&quot;Origin&quot;, &quot;Access-Control-Request-Method&quot;, &quot;Access-Control-Request-Headers&quot;, Content-Type:&quot;application/json&quot;]
     Content type = application/json
             Body = {&quot;success&quot;:true,&quot;code&quot;:0,&quot;result&quot;:{&quot;data&quot;:&quot;회원가입 완료&quot;}}
    Forwarded URL = null
   Redirected URL = null
          Cookies = []
</pre>
</span>
</div>
</div>
<div id="footer">
<p>
<div>
<label class="hidden" id="label-for-line-wrapping-toggle" for="line-wrapping-toggle">Wrap lines
<input id="line-wrapping-toggle" type="checkbox" autocomplete="off"/>
</label>
</div>Generated by 
<a href="http://www.gradle.org">Gradle 7.6</a> at 2023. 2. 14. 오후 9:05:48</p>
</div>
</div>
</body>
</html>
